<?xml version="1.0" encoding="UTF-8"?>
<!-- Generated by org.testng.reporters.JUnitXMLReporter -->
<testsuite ignored="13" hostname="MANSINGH" failures="3" tests="6" name="Test" time="0.177" errors="0" timestamp="2023-10-18T11:48:00 IST">
  <testcase classname="org.eva.vtigercrm5.core.BaseTest" name="testGroup" time="0.018"/>
  <testcase classname="org.eva.vtigercrm5.marketingtestscripts.MarketingAccountTestScripts" name="verifyVT001CreateAccount" time="0.005">
    <failure type="java.lang.NullPointerException" message="Cannot invoke &amp;quot;org.eva.vtigercrm5.pages.common.CommonCodes.goToMarketingAccountsLink()&amp;quot; because the return value of &amp;quot;org.eva.vtigercrm5.marketingtestscripts.MarketingAccountTestScripts.getCommnCode()&amp;quot; is null">
      <![CDATA[java.lang.NullPointerException: Cannot invoke "org.eva.vtigercrm5.pages.common.CommonCodes.goToMarketingAccountsLink()" because the return value of "org.eva.vtigercrm5.marketingtestscripts.MarketingAccountTestScripts.getCommnCode()" is null
at org.eva.vtigercrm5.marketingtestscripts.MarketingAccountTestScripts.verifyVT001CreateAccount(MarketingAccountTestScripts.java:19)
at java.base/java.util.ArrayList.forEach(ArrayList.java:1511)
... Removed 25 stack frames]]>
    </failure>
  </testcase> <!-- verifyVT001CreateAccount -->
  <testcase classname="org.eva.vtigercrm5.core.BaseTest" name="testGroup" time="0.003"/>
  <testcase classname="org.eva.vtigercrm5.salestestscripts.SalesLeadsTestScripts" name="verifyVT006SearchLeads" time="0.002">
    <failure type="java.lang.NullPointerException" message="Cannot invoke &amp;quot;org.eva.vtigercrm5.pages.common.CommonCodes.goToMarketingLeadsLink()&amp;quot; because the return value of &amp;quot;org.eva.vtigercrm5.salestestscripts.SalesLeadsTestScripts.getCommnCode()&amp;quot; is null">
      <![CDATA[java.lang.NullPointerException: Cannot invoke "org.eva.vtigercrm5.pages.common.CommonCodes.goToMarketingLeadsLink()" because the return value of "org.eva.vtigercrm5.salestestscripts.SalesLeadsTestScripts.getCommnCode()" is null
at org.eva.vtigercrm5.salestestscripts.SalesLeadsTestScripts.verifyVT006SearchLeads(SalesLeadsTestScripts.java:17)
at java.base/java.util.ArrayList.forEach(ArrayList.java:1511)
... Removed 25 stack frames]]>
    </failure>
  </testcase> <!-- verifyVT006SearchLeads -->
  <testcase classname="org.eva.vtigercrm5.core.BaseTest" name="testGroup" time="0.002"/>
  <testcase classname="org.eva.vtigercrm5.inventorytestscripts.InventryInvoiceTestScripts" name="verifyVT0010AccountAndContactAddOnInvoiceForm" time="0.002">
    <failure type="java.lang.NullPointerException" message="Cannot invoke &amp;quot;org.eva.vtigercrm5.pages.common.CommonCodes.goToInventoryInvoiceLink()&amp;quot; because the return value of &amp;quot;org.eva.vtigercrm5.inventorytestscripts.InventryInvoiceTestScripts.getCommnCode()&amp;quot; is null">
      <![CDATA[java.lang.NullPointerException: Cannot invoke "org.eva.vtigercrm5.pages.common.CommonCodes.goToInventoryInvoiceLink()" because the return value of "org.eva.vtigercrm5.inventorytestscripts.InventryInvoiceTestScripts.getCommnCode()" is null
at org.eva.vtigercrm5.inventorytestscripts.InventryInvoiceTestScripts.verifyVT0010AccountAndContactAddOnInvoiceForm(InventryInvoiceTestScripts.java:16)
at java.base/java.util.ArrayList.forEach(ArrayList.java:1511)
... Removed 25 stack frames]]>
    </failure>
  </testcase> <!-- verifyVT0010AccountAndContactAddOnInvoiceForm -->
  <testcase classname="org.eva.vtigercrm5.marketingtestscripts.MarketingAccountTestScripts" name="verifyVT004DuplicateAccount" time="0.0">
    <ignored/>
  </testcase> <!-- verifyVT004DuplicateAccount -->
  <testcase classname="org.eva.vtigercrm5.core.TestTestNGFeatures" name="methodTwo" time="0.0">
    <ignored/>
  </testcase> <!-- methodTwo -->
  <testcase classname="org.eva.vtigercrm5.core.TestTestNGFeatures" name="methodFive" time="0.0">
    <ignored/>
  </testcase> <!-- methodFive -->
  <testcase classname="org.eva.vtigercrm5.core.TestAnnotationDefWithFlow" name="test1" time="0.0">
    <ignored/>
  </testcase> <!-- test1 -->
  <testcase classname="org.eva.vtigercrm5.salestestscripts.SalesLeadsTestScripts" name="verifyVT09LeadsTableLinks" time="0.0">
    <ignored/>
  </testcase> <!-- verifyVT09LeadsTableLinks -->
  <testcase classname="org.eva.vtigercrm5.marketingtestscripts.MarketingAccountTestScripts" name="verifyVT003SearchAccount" time="0.0">
    <ignored/>
  </testcase> <!-- verifyVT003SearchAccount -->
  <testcase classname="org.eva.vtigercrm5.core.TestTestNGFeatures" name="methodFour" time="0.0">
    <ignored/>
  </testcase> <!-- methodFour -->
  <testcase classname="org.eva.vtigercrm5.core.TestTestNGFeatures" name="methodThree" time="0.0">
    <ignored/>
  </testcase> <!-- methodThree -->
  <testcase classname="org.eva.vtigercrm5.core.TestTestNGFeatures" name="methodSix" time="0.0">
    <ignored/>
  </testcase> <!-- methodSix -->
  <testcase classname="org.eva.vtigercrm5.core.TestCaseExecutionFlow" name="testCase" time="0.0">
    <ignored/>
  </testcase> <!-- testCase -->
  <testcase classname="org.eva.vtigercrm5.marketingtestscripts.MarketingAccountTestScripts" name="verifyVT002DeleteAccount" time="0.0">
    <ignored/>
  </testcase> <!-- verifyVT002DeleteAccount -->
  <testcase classname="org.eva.vtigercrm5.core.TestTestNGFeatures" name="methodOne" time="0.0">
    <ignored/>
  </testcase> <!-- methodOne -->
  <testcase classname="org.eva.vtigercrm5.salestestscripts.SalesLeadsTestScripts" name="verifyVT008DeleteLead" time="0.0">
    <ignored/>
  </testcase> <!-- verifyVT008DeleteLead -->
</testsuite> <!-- Test -->
