<?xml version="1.0" encoding="UTF-8"?>
<!-- Generated by org.testng.reporters.JUnitXMLReporter -->
<testsuite ignored="4" hostname="MANSINGH" failures="0" tests="3" name="Test" time="16.505" errors="0" timestamp="2023-11-17T07:21:09 IST">
  <testcase classname="org.eva.vtigercrm5.core.BaseTest" name="@BeforeMethod beforeMethod" time="0.32">
    <failure type="org.openqa.selenium.WebDriverException" message="unknown error: result.webdriverValue.value list is missing or empty in Runtime.callFunctionOn response
  (Session info: chrome=119.0.6045.160)
Build info: version: &amp;apos;4.12.0&amp;apos;, revision: &amp;apos;249f2a7d1b*&amp;apos;
System info: os.name: &amp;apos;Windows 10&amp;apos;, os.arch: &amp;apos;amd64&amp;apos;, os.version: &amp;apos;10.0&amp;apos;, java.version: &amp;apos;20.0.1&amp;apos;
Driver info: org.openqa.selenium.chrome.ChromeDriver
Command: [91ec963230ffea4904fbb0f15bd12ca4, findElement {using=xpath, value=//input[@name=&amp;apos;user_name&amp;apos;]}]
Capabilities {acceptInsecureCerts: false, browserName: chrome, browserVersion: 119.0.6045.160, chrome: {chromedriverVersion: 118.0.5993.70 (e52f33f30b91..., userDataDir: C:\Users\MANSIN~1\AppData\L...}, fedcm:accounts: true, goog:chromeOptions: {debuggerAddress: localhost:56899}, networkConnectionEnabled: false, pageLoadStrategy: normal, platformName: windows, proxy: Proxy(), se:cdp: ws://localhost:56899/devtoo..., se:cdpVersion: 119.0.6045.160, setWindowRect: true, strictFileInteractability: false, timeouts: {implicit: 0, pageLoad: 300000, script: 30000}, unhandledPromptBehavior: dismiss and notify, webauthn:extension:credBlob: true, webauthn:extension:largeBlob: true, webauthn:extension:minPinLength: true, webauthn:extension:prf: true, webauthn:virtualAuthenticators: true}
Session ID: 91ec963230ffea4904fbb0f15bd12ca4">
      <![CDATA[org.openqa.selenium.WebDriverException: unknown error: result.webdriverValue.value list is missing or empty in Runtime.callFunctionOn response
  (Session info: chrome=119.0.6045.160)
Build info: version: '4.12.0', revision: '249f2a7d1b*'
System info: os.name: 'Windows 10', os.arch: 'amd64', os.version: '10.0', java.version: '20.0.1'
Driver info: org.openqa.selenium.chrome.ChromeDriver
Command: [91ec963230ffea4904fbb0f15bd12ca4, findElement {using=xpath, value=//input[@name='user_name']}]
Capabilities {acceptInsecureCerts: false, browserName: chrome, browserVersion: 119.0.6045.160, chrome: {chromedriverVersion: 118.0.5993.70 (e52f33f30b91..., userDataDir: C:\Users\MANSIN~1\AppData\L...}, fedcm:accounts: true, goog:chromeOptions: {debuggerAddress: localhost:56899}, networkConnectionEnabled: false, pageLoadStrategy: normal, platformName: windows, proxy: Proxy(), se:cdp: ws://localhost:56899/devtoo..., se:cdpVersion: 119.0.6045.160, setWindowRect: true, strictFileInteractability: false, timeouts: {implicit: 0, pageLoad: 300000, script: 30000}, unhandledPromptBehavior: dismiss and notify, webauthn:extension:credBlob: true, webauthn:extension:largeBlob: true, webauthn:extension:minPinLength: true, webauthn:extension:prf: true, webauthn:virtualAuthenticators: true}
Session ID: 91ec963230ffea4904fbb0f15bd12ca4
at org.openqa.selenium.remote.codec.w3c.W3CHttpResponseCodec.createException(W3CHttpResponseCodec.java:200)
at org.openqa.selenium.remote.codec.w3c.W3CHttpResponseCodec.decode(W3CHttpResponseCodec.java:133)
at org.openqa.selenium.remote.codec.w3c.W3CHttpResponseCodec.decode(W3CHttpResponseCodec.java:52)
at org.openqa.selenium.remote.HttpCommandExecutor.execute(HttpCommandExecutor.java:191)
at org.openqa.selenium.remote.service.DriverCommandExecutor.invokeExecute(DriverCommandExecutor.java:196)
at org.openqa.selenium.remote.service.DriverCommandExecutor.execute(DriverCommandExecutor.java:171)
at org.openqa.selenium.remote.RemoteWebDriver.execute(RemoteWebDriver.java:602)
at org.openqa.selenium.remote.ElementLocation$ElementFinder$2.findElement(ElementLocation.java:165)
at org.openqa.selenium.remote.ElementLocation.findElement(ElementLocation.java:59)
at org.openqa.selenium.remote.RemoteWebDriver.findElement(RemoteWebDriver.java:359)
at org.openqa.selenium.remote.RemoteWebDriver.findElement(RemoteWebDriver.java:353)
at org.openqa.selenium.support.pagefactory.DefaultElementLocator.findElement(DefaultElementLocator.java:68)
at org.openqa.selenium.support.pagefactory.internal.LocatingElementHandler.invoke(LocatingElementHandler.java:38)
at jdk.proxy2/jdk.proxy2.$Proxy26.getAccessibleName(Unknown Source)
at org.eva.vtigercrm5.utils.WebUtil.clear(WebUtil.java:1484)
at org.eva.vtigercrm5.pages.common.CommonCodes.login(CommonCodes.java:18)
at org.eva.vtigercrm5.core.BaseTest.beforeMethod(BaseTest.java:69)
at java.base/java.util.ArrayList.forEach(ArrayList.java:1511)
... Removed 32 stack frames]]>
    </failure>
  </testcase> <!-- @BeforeMethod beforeMethod -->
  <testcase classname="org.eva.vtigercrm5.core.BaseTest" name="@AfterMethod afterMethod" time="0.0">
    <skipped/>
  </testcase> <!-- @AfterMethod afterMethod -->
  <testcase classname="org.eva.vtigercrm5.core.BaseTest" name="@BeforeMethod beforeMethod" time="0.0">
    <skipped/>
  </testcase> <!-- @BeforeMethod beforeMethod -->
  <testcase classname="org.eva.vtigercrm5.core.BaseTest" name="@AfterMethod afterMethod" time="0.0">
    <skipped/>
  </testcase> <!-- @AfterMethod afterMethod -->
  <testcase classname="org.eva.vtigercrm5.core.BaseTest" name="@BeforeMethod beforeMethod" time="0.0">
    <skipped/>
  </testcase> <!-- @BeforeMethod beforeMethod -->
  <testcase classname="org.eva.vtigercrm5.core.BaseTest" name="@AfterMethod afterMethod" time="0.0">
    <skipped/>
  </testcase> <!-- @AfterMethod afterMethod -->
  <testcase classname="org.eva.vtigercrm5.core.BaseTest" name="@AfterClass afterClass" time="0.0">
    <skipped/>
  </testcase> <!-- @AfterClass afterClass -->
  <testcase classname="org.eva.vtigercrm5.marketingtestscripts.MarketingAccountTestScripts" name="verifyVT001CreateAccount" time="0.0">
    <skipped/>
  </testcase> <!-- verifyVT001CreateAccount -->
  <testcase classname="org.eva.vtigercrm5.marketingtestscripts.MarketingAccountTestScripts" name="verifyVT001CreateAccount" time="0.0">
    <skipped/>
  </testcase> <!-- verifyVT001CreateAccount -->
  <testcase classname="org.eva.vtigercrm5.marketingtestscripts.MarketingAccountTestScripts" name="verifyVT001CreateAccount" time="0.0">
    <skipped/>
  </testcase> <!-- verifyVT001CreateAccount -->
  <testcase classname="org.eva.vtigercrm5.marketingtestscripts.MarketingAccountTestScripts" name="verifyVT002DeleteAccount" time="0.0">
    <ignored/>
  </testcase> <!-- verifyVT002DeleteAccount -->
  <testcase classname="org.eva.vtigercrm5.marketingtestscripts.MarketingAccountTestScripts" name="verifyVT005AccountEditable" time="0.0">
    <ignored/>
  </testcase> <!-- verifyVT005AccountEditable -->
  <testcase classname="org.eva.vtigercrm5.marketingtestscripts.MarketingAccountTestScripts" name="verifyVT004DuplicateAccount" time="0.0">
    <ignored/>
  </testcase> <!-- verifyVT004DuplicateAccount -->
  <testcase classname="org.eva.vtigercrm5.marketingtestscripts.MarketingAccountTestScripts" name="verifyVT003SearchAccount" time="0.0">
    <ignored/>
  </testcase> <!-- verifyVT003SearchAccount -->
</testsuite> <!-- Test -->
